<?xml version="1.0" encoding="UTF-8"?>
<!-- Generated by org.testng.reporters.JUnitXMLReporter -->
<testsuite hostname="CO-IT00655" ignored="0" name="EmployeesRestAPISuite" tests="26" failures="2" timestamp="26 mar 2020 00:06:57 GMT" time="25.825" errors="0">
  <testcase name="checkResponseBody" time="0.02" classname="TestCases.TC008_GET_All_Employees"/>
  <testcase name="checkResponseTime" time="0.003" classname="TestCases.TC008_GET_All_Employees"/>
  <testcase name="checkStatusCode" time="0.003" classname="TestCases.TC008_GET_All_Employees"/>
  <testcase name="checkStatusLine" time="0.002" classname="TestCases.TC008_GET_All_Employees"/>
  <testcase name="checkResponseBody" time="0.007" classname="TestCases.TC009_GET_Single_Employee_Record"/>
  <testcase name="checkResponseTime" time="0.002" classname="TestCases.TC009_GET_Single_Employee_Record"/>
  <testcase name="checkStatusCode" time="0.004" classname="TestCases.TC009_GET_Single_Employee_Record"/>
  <testcase name="checkStatusLine" time="0.004" classname="TestCases.TC009_GET_Single_Employee_Record"/>
  <testcase name="checkResponseBody" time="0.011" classname="TestCases.TC010_POST_Employee_Record"/>
  <testcase name="checkResponseTime" time="0.003" classname="TestCases.TC010_POST_Employee_Record"/>
  <testcase name="checkStatusCode" time="0.002" classname="TestCases.TC010_POST_Employee_Record"/>
  <testcase name="checkStatusLine" time="0.003" classname="TestCases.TC010_POST_Employee_Record"/>
  <testcase name="checkContentEncoding" time="0.004" classname="TestCases.TC011_PUT_Employee_Record"/>
  <testcase name="checkContentType" time="0.003" classname="TestCases.TC011_PUT_Employee_Record"/>
  <testcase name="checkResponseBody" time="0.01" classname="TestCases.TC011_PUT_Employee_Record">
    <failure type="java.lang.AssertionError" message="expected [true] but found [false]">
      <![CDATA[java.lang.AssertionError: expected [true] but found [false]
at TestCases.TC011_PUT_Employee_Record.checkResponseBody(TC011_PUT_Employee_Record.java:46)
... Removed 31 stack frames]]>
    </failure>
  </testcase> <!-- checkResponseBody -->
  <testcase name="checkResponseTime" time="0.006" classname="TestCases.TC011_PUT_Employee_Record"/>
  <testcase name="checkServerType" time="0.011" classname="TestCases.TC011_PUT_Employee_Record"/>
  <testcase name="checkStatusCode" time="0.002" classname="TestCases.TC011_PUT_Employee_Record"/>
  <testcase name="checkStatusLine" time="0.005" classname="TestCases.TC011_PUT_Employee_Record"/>
  <testcase name="checkContentEncoding" time="0.0" classname="TestCases.TC012_DELETE_Employee_Record"/>
  <testcase name="checkContentType" time="0.001" classname="TestCases.TC012_DELETE_Employee_Record"/>
  <testcase name="checkResponseBody" time="0.002" classname="TestCases.TC012_DELETE_Employee_Record">
    <failure type="java.lang.AssertionError" message="expected [true] but found [false]">
      <![CDATA[java.lang.AssertionError: expected [true] but found [false]
at TestCases.TC012_DELETE_Employee_Record.checkResponseBody(TC012_DELETE_Employee_Record.java:41)
... Removed 31 stack frames]]>
    </failure>
  </testcase> <!-- checkResponseBody -->
  <testcase name="checkResponseTime" time="0.001" classname="TestCases.TC012_DELETE_Employee_Record"/>
  <testcase name="checkServerType" time="0.001" classname="TestCases.TC012_DELETE_Employee_Record"/>
  <testcase name="checkStatusCode" time="0.002" classname="TestCases.TC012_DELETE_Employee_Record"/>
  <testcase name="checkStatusLine" time="0.002" classname="TestCases.TC012_DELETE_Employee_Record"/>
</testsuite> <!-- EmployeesRestAPISuite -->
