<?xml version="1.0" encoding="UTF-8"?>
<testng-results skipped="0" failed="0" ignored="0" total="4" passed="4">
  <reporter-output>
  </reporter-output>
  <suite name="Default suite" duration-ms="12224" started-at="2020-03-26T00:15:01Z" finished-at="2020-03-26T00:15:13Z">
    <groups>
    </groups>
    <test name="Default test" duration-ms="12224" started-at="2020-03-26T00:15:01Z" finished-at="2020-03-26T00:15:13Z">
      <class name="TestCases.TC009_GET_Single_Employee_Record">
        <test-method status="PASS" signature="setup()[pri:0, instance:TestCases.TC009_GET_Single_Employee_Record@3ffc5af1]" name="setup" is-config="true" duration-ms="84" started-at="2020-03-26T00:15:01Z" finished-at="2020-03-26T00:15:01Z">
          <reporter-output>
          </reporter-output>
        </test-method> <!-- setup -->
        <test-method status="PASS" signature="getEmployeeData()[pri:0, instance:TestCases.TC009_GET_Single_Employee_Record@3ffc5af1]" name="getEmployeeData" is-config="true" duration-ms="12066" started-at="2020-03-26T00:15:01Z" finished-at="2020-03-26T00:15:13Z">
          <reporter-output>
          </reporter-output>
        </test-method> <!-- getEmployeeData -->
        <test-method status="PASS" signature="checkResponseBody()[pri:0, instance:TestCases.TC009_GET_Single_Employee_Record@3ffc5af1]" name="checkResponseBody" duration-ms="29" started-at="2020-03-26T00:15:13Z" finished-at="2020-03-26T00:15:13Z">
          <reporter-output>
          </reporter-output>
        </test-method> <!-- checkResponseBody -->
        <test-method status="PASS" signature="checkResponseTime()[pri:0, instance:TestCases.TC009_GET_Single_Employee_Record@3ffc5af1]" name="checkResponseTime" duration-ms="3" started-at="2020-03-26T00:15:13Z" finished-at="2020-03-26T00:15:13Z">
          <reporter-output>
          </reporter-output>
        </test-method> <!-- checkResponseTime -->
        <test-method status="PASS" signature="checkStatusCode()[pri:0, instance:TestCases.TC009_GET_Single_Employee_Record@3ffc5af1]" name="checkStatusCode" duration-ms="2" started-at="2020-03-26T00:15:13Z" finished-at="2020-03-26T00:15:13Z">
          <reporter-output>
          </reporter-output>
        </test-method> <!-- checkStatusCode -->
        <test-method status="PASS" signature="checkStatusLine()[pri:0, instance:TestCases.TC009_GET_Single_Employee_Record@3ffc5af1]" name="checkStatusLine" duration-ms="2" started-at="2020-03-26T00:15:13Z" finished-at="2020-03-26T00:15:13Z">
          <reporter-output>
          </reporter-output>
        </test-method> <!-- checkStatusLine -->
        <test-method status="PASS" signature="tearDown()[pri:0, instance:TestCases.TC009_GET_Single_Employee_Record@3ffc5af1]" name="tearDown" is-config="true" duration-ms="1" started-at="2020-03-26T00:15:13Z" finished-at="2020-03-26T00:15:13Z">
          <reporter-output>
          </reporter-output>
        </test-method> <!-- tearDown -->
      </class> <!-- TestCases.TC009_GET_Single_Employee_Record -->
    </test> <!-- Default test -->
  </suite> <!-- Default suite -->
</testng-results>
